{"/mnt/d/html/ci/src/index.js": {"path":"/mnt/d/html/ci/src/index.js","statementMap":{"0":{"start":{"line":1,"column":11},"end":{"line":1,"column":24}},"1":{"start":{"line":4,"column":28},"end":{"line":18,"column":1}},"2":{"start":{"line":5,"column":19},"end":{"line":5,"column":65}},"3":{"start":{"line":5,"column":55},"end":{"line":5,"column":64}},"4":{"start":{"line":6,"column":2},"end":{"line":8,"column":3}},"5":{"start":{"line":7,"column":4},"end":{"line":7,"column":74}},"6":{"start":{"line":9,"column":31},"end":{"line":9,"column":39}},"7":{"start":{"line":10,"column":2},"end":{"line":17,"column":3}},"8":{"start":{"line":12,"column":6},"end":{"line":12,"column":32}},"9":{"start":{"line":14,"column":6},"end":{"line":14,"column":39}},"10":{"start":{"line":16,"column":6},"end":{"line":16,"column":45}},"11":{"start":{"line":20,"column":18},"end":{"line":31,"column":1}},"12":{"start":{"line":21,"column":15},"end":{"line":21,"column":49}},"13":{"start":{"line":22,"column":19},"end":{"line":22,"column":35}},"14":{"start":{"line":23,"column":25},"end":{"line":23,"column":75}},"15":{"start":{"line":24,"column":2},"end":{"line":30,"column":4}},"16":{"start":{"line":34,"column":0},"end":{"line":34,"column":31}}},"fnMap":{"0":{"name":"(anonymous_0)","decl":{"start":{"line":4,"column":28},"end":{"line":4,"column":29}},"loc":{"start":{"line":4,"column":56},"end":{"line":18,"column":1}},"line":4},"1":{"name":"(anonymous_1)","decl":{"start":{"line":5,"column":48},"end":{"line":5,"column":49}},"loc":{"start":{"line":5,"column":55},"end":{"line":5,"column":64}},"line":5},"2":{"name":"(anonymous_2)","decl":{"start":{"line":20,"column":18},"end":{"line":20,"column":19}},"loc":{"start":{"line":20,"column":45},"end":{"line":31,"column":1}},"line":20}},"branchMap":{"0":{"loc":{"start":{"line":6,"column":2},"end":{"line":8,"column":3}},"type":"if","locations":[{"start":{"line":6,"column":2},"end":{"line":8,"column":3}},{"start":{"line":6,"column":2},"end":{"line":8,"column":3}}],"line":6},"1":{"loc":{"start":{"line":10,"column":2},"end":{"line":17,"column":3}},"type":"switch","locations":[{"start":{"line":11,"column":4},"end":{"line":12,"column":32}},{"start":{"line":13,"column":4},"end":{"line":14,"column":39}},{"start":{"line":15,"column":4},"end":{"line":16,"column":45}}],"line":10}},"s":{"0":1,"1":1,"2":5,"3":13,"4":5,"5":1,"6":4,"7":4,"8":1,"9":1,"10":2,"11":1,"12":5,"13":5,"14":5,"15":4,"16":1},"f":{"0":5,"1":13,"2":5},"b":{"0":[1,4],"1":[1,1,2]},"_coverageSchema":"1a1c01bbd47fc00a2c39e90264f33305004495a9","hash":"4f033e3ca91500f6c5ee16d3953d960893d5fbf3"}
}
